<?xml version="1.0" encoding="UTF-8"?>
<!-- Generated by org.testng.reporters.JUnitReportReporter -->
<testsuite hostname="LAPTOP-IBLHU5QH" failures="0" tests="1" name="pack123.TestClass" time="0.004" errors="0" timestamp="2022-05-19T16:32:56 IST" skipped="0">
  <testcase classname="pack123.TestClass" name="test" time="0.004"/>
  <system-out/>
</testsuite> <!-- pack123.TestClass -->
